<?xml version="1.0" encoding="UTF-8"?>
<testsuite xmlns:xsi="http://www.w3.org/2001/XMLSchema-instance" xsi:schemaLocation="https://maven.apache.org/surefire/maven-surefire-plugin/xsd/surefire-test-report.xsd" name="altice_labs.dsm.CheckInTest" time="33.06" tests="1" errors="1" skipped="0" failures="0">
  <properties>
[...]
</properties>
  <testcase name="userCloseToShop{VertxTestContext, Vertx}" classname="altice_labs.dsm.CheckInTest" time="30.03">
    <error message="The test execution timed out" type="java.util.concurrent.TimeoutException">java.util.concurrent.TimeoutException: The test execution timed out
</error>
    <system-out><![CDATA[Deployed
Adding stream handler from tester
Received message {"latitude":40,"longitude":50,"userID":"123","shopID":"2"} from tester
User is not inside any shop
Found user profile: 0
]]></system-out>
    <system-err><![CDATA[Mar 19, 2018 12:04:45 PM com.mongodb.diagnostics.logging.JULLogger log
INFO: Cluster created with settings {hosts=[localhost:27017], mode=SINGLE, requiredClusterType=UNKNOWN, serverSelectionTimeout='30000 ms', maxWaitQueueSize=500}
Mar 19, 2018 12:04:45 PM com.mongodb.diagnostics.logging.JULLogger log
INFO: No server chosen by com.mongodb.async.client.ClientSessionHelper$1@3e1fbb5d from cluster description ClusterDescription{type=UNKNOWN, connectionMode=SINGLE, serverDescriptions=[ServerDescription{address=localhost:27017, type=UNKNOWN, state=CONNECTING}]}. Waiting for 30000 ms before timing out
Mar 19, 2018 12:04:45 PM com.mongodb.diagnostics.logging.JULLogger log
INFO: Opened connection [connectionId{localValue:1, serverValue:5}] to localhost:27017
Mar 19, 2018 12:04:45 PM com.mongodb.diagnostics.logging.JULLogger log
INFO: Monitor thread successfully connected to server with description ServerDescription{address=localhost:27017, type=STANDALONE, state=CONNECTED, ok=true, version=ServerVersion{versionList=[3, 6, 1]}, minWireVersion=0, maxWireVersion=6, maxDocumentSize=16777216, logicalSessionTimeoutMinutes=30, roundTripTimeNanos=3600374}
Mar 19, 2018 12:04:45 PM com.mongodb.diagnostics.logging.JULLogger log
INFO: Opened connection [connectionId{localValue:2, serverValue:6}] to localhost:27017
Mar 19, 2018 12:04:53 PM io.vertx.core.impl.ContextImpl
SEVERE: Unhandled exception
java.lang.IndexOutOfBoundsException: Index: 0, Size: 0
	at java.util.ArrayList.rangeCheck(ArrayList.java:657)
	at java.util.ArrayList.get(ArrayList.java:433)
	at token_rating.CheckInRatingHyperty.lambda$2(CheckInRatingHyperty.java:79)
	at io.vertx.ext.mongo.impl.MongoClientImpl.lambda$null$11(MongoClientImpl.java:758)
	at io.vertx.core.impl.ContextImpl.lambda$wrapTask$2(ContextImpl.java:339)
	at io.vertx.core.impl.TaskQueue.run(TaskQueue.java:76)
	at java.util.concurrent.ThreadPoolExecutor.runWorker(ThreadPoolExecutor.java:1149)
	at java.util.concurrent.ThreadPoolExecutor$Worker.run(ThreadPoolExecutor.java:624)
	at io.netty.util.concurrent.FastThreadLocalRunnable.run(FastThreadLocalRunnable.java:30)
	at java.lang.Thread.run(Thread.java:748)

Mar 19, 2018 12:04:53 PM io.vertx.core.impl.ContextImpl
SEVERE: Unhandled exception
java.lang.IndexOutOfBoundsException: Index: 0, Size: 0
	at java.util.ArrayList.rangeCheck(ArrayList.java:657)
	at java.util.ArrayList.get(ArrayList.java:433)
	at token_rating.CheckInRatingHyperty.lambda$3(CheckInRatingHyperty.java:104)
	at io.vertx.ext.mongo.impl.MongoClientImpl.lambda$null$11(MongoClientImpl.java:758)
	at io.vertx.core.impl.ContextImpl.lambda$wrapTask$2(ContextImpl.java:339)
	at io.vertx.core.impl.TaskQueue.run(TaskQueue.java:76)
	at java.util.concurrent.ThreadPoolExecutor.runWorker(ThreadPoolExecutor.java:1149)
	at java.util.concurrent.ThreadPoolExecutor$Worker.run(ThreadPoolExecutor.java:624)
	at io.netty.util.concurrent.FastThreadLocalRunnable.run(FastThreadLocalRunnable.java:30)
	at java.lang.Thread.run(Thread.java:748)

]]></system-err>
  </testcase>
</testsuite>