<?xml version="1.0" encoding="UTF-8"?>
<testsuite xmlns:xsi="http://www.w3.org/2001/XMLSchema-instance" xsi:schemaLocation="https://maven.apache.org/surefire/maven-surefire-plugin/xsd/surefire-test-report.xsd" name="altice_labs.dsm.WalletManagerTest" time="92.077" tests="3" errors="3" skipped="0" failures="0">
  <properties>
[...]
</properties>
  <testcase name="getWalletAddress{VertxTestContext, Vertx}" classname="altice_labs.dsm.WalletManagerTest" time="30.006">
    <error message="The test execution timed out" type="java.util.concurrent.TimeoutException">java.util.concurrent.TimeoutException: The test execution timed out
</error>
    <system-out><![CDATA[-> Wallet Manager deployed
]]></system-out>
    <system-err><![CDATA[Mar 19, 2018 12:05:17 PM com.mongodb.diagnostics.logging.JULLogger log
INFO: Opened connection [connectionId{localValue:3, serverValue:8}] to localhost:27017
Mar 19, 2018 12:05:17 PM com.mongodb.diagnostics.logging.JULLogger log
INFO: Monitor thread successfully connected to server with description ServerDescription{address=localhost:27017, type=STANDALONE, state=CONNECTED, ok=true, version=ServerVersion{versionList=[3, 6, 1]}, minWireVersion=0, maxWireVersion=6, maxDocumentSize=16777216, logicalSessionTimeoutMinutes=30, roundTripTimeNanos=9596084}
Mar 19, 2018 12:05:17 PM com.mongodb.diagnostics.logging.JULLogger log
INFO: Cluster created with settings {hosts=[null:27017], mode=SINGLE, requiredClusterType=UNKNOWN, serverSelectionTimeout='30000 ms', maxWaitQueueSize=500}
java.lang.IllegalArgumentException: databaseName can not be null
	at com.mongodb.assertions.Assertions.notNull(Assertions.java:37)
	at com.mongodb.MongoNamespace.checkDatabaseNameValidity(MongoNamespace.java:52)
	at com.mongodb.async.client.MongoDatabaseImpl.<init>(MongoDatabaseImpl.java:58)
	at com.mongodb.async.client.MongoClientImpl.getDatabase(MongoClientImpl.java:93)
	at io.vertx.ext.mongo.impl.MongoClientImpl$MongoHolder.mongo(MongoClientImpl.java:930)
	at io.vertx.ext.mongo.impl.MongoClientImpl.<init>(MongoClientImpl.java:113)
	at io.vertx.ext.mongo.MongoClient.createShared(MongoClient.java:68)
	at altice_labs.dsm.AbstractHyperty.start(AbstractHyperty.java:48)
	at token_rating.WalletManagerHyperty.start(WalletManagerHyperty.java:33)
	at io.vertx.core.AbstractVerticle.start(AbstractVerticle.java:106)
	at io.vertx.core.impl.DeploymentManager.lambda$doDeploy$8(DeploymentManager.java:483)
	at io.vertx.core.impl.ContextImpl.lambda$wrapTask$2(ContextImpl.java:339)
	at io.vertx.core.impl.TaskQueue.run(TaskQueue.java:76)
	at java.util.concurrent.ThreadPoolExecutor.runWorker(ThreadPoolExecutor.java:1149)
	at java.util.concurrent.ThreadPoolExecutor$Worker.run(ThreadPoolExecutor.java:624)
	at io.netty.util.concurrent.FastThreadLocalRunnable.run(FastThreadLocalRunnable.java:30)
	at java.lang.Thread.run(Thread.java:748)
Mar 19, 2018 12:05:17 PM com.mongodb.diagnostics.logging.JULLogger log
INFO: Exception in monitor thread while connecting to server null:27017
com.mongodb.MongoSocketException: null: Name or service not known
	at com.mongodb.ServerAddress.getSocketAddress(ServerAddress.java:188)
	at com.mongodb.connection.AsynchronousSocketChannelStream.openAsync(AsynchronousSocketChannelStream.java:83)
	at com.mongodb.connection.AsynchronousSocketChannelStream.open(AsynchronousSocketChannelStream.java:64)
	at com.mongodb.connection.InternalStreamConnection.open(InternalStreamConnection.java:126)
	at com.mongodb.connection.DefaultServerMonitor$ServerMonitorRunnable.run(DefaultServerMonitor.java:114)
	at java.lang.Thread.run(Thread.java:748)
Caused by: java.net.UnknownHostException: null: Name or service not known
	at java.net.Inet6AddressImpl.lookupAllHostAddr(Native Method)
	at java.net.InetAddress$2.lookupAllHostAddr(InetAddress.java:928)
	at java.net.InetAddress.getAddressesFromNameService(InetAddress.java:1323)
	at java.net.InetAddress.getAllByName0(InetAddress.java:1276)
	at java.net.InetAddress.getAllByName(InetAddress.java:1192)
	at java.net.InetAddress.getAllByName(InetAddress.java:1126)
	at java.net.InetAddress.getByName(InetAddress.java:1076)
	at com.mongodb.ServerAddress.getSocketAddress(ServerAddress.java:186)
	... 5 more

Mar 19, 2018 12:05:19 PM io.vertx.core.eventbus.impl.HandlerRegistration
SEVERE: Failed to handleMessage. address: hyperty://sharing-cities-dsm/wallet-manager
java.lang.ClassCastException: java.lang.String cannot be cast to io.vertx.core.json.JsonObject
	at altice_labs.dsm.AbstractHyperty.lambda$0(AbstractHyperty.java:72)
	at io.vertx.core.eventbus.impl.HandlerRegistration.deliver(HandlerRegistration.java:223)
	at io.vertx.core.eventbus.impl.HandlerRegistration.handle(HandlerRegistration.java:200)
	at io.vertx.core.eventbus.impl.EventBusImpl.lambda$deliverToHandler$3(EventBusImpl.java:533)
	at io.vertx.core.impl.ContextImpl.lambda$wrapTask$2(ContextImpl.java:339)
	at io.vertx.core.impl.TaskQueue.run(TaskQueue.java:76)
	at java.util.concurrent.ThreadPoolExecutor.runWorker(ThreadPoolExecutor.java:1149)
	at java.util.concurrent.ThreadPoolExecutor$Worker.run(ThreadPoolExecutor.java:624)
	at io.netty.util.concurrent.FastThreadLocalRunnable.run(FastThreadLocalRunnable.java:30)
	at java.lang.Thread.run(Thread.java:748)

Mar 19, 2018 12:05:19 PM io.vertx.core.impl.ContextImpl
SEVERE: Unhandled exception
java.lang.ClassCastException: java.lang.String cannot be cast to io.vertx.core.json.JsonObject
	at altice_labs.dsm.AbstractHyperty.lambda$0(AbstractHyperty.java:72)
	at io.vertx.core.eventbus.impl.HandlerRegistration.deliver(HandlerRegistration.java:223)
	at io.vertx.core.eventbus.impl.HandlerRegistration.handle(HandlerRegistration.java:200)
	at io.vertx.core.eventbus.impl.EventBusImpl.lambda$deliverToHandler$3(EventBusImpl.java:533)
	at io.vertx.core.impl.ContextImpl.lambda$wrapTask$2(ContextImpl.java:339)
	at io.vertx.core.impl.TaskQueue.run(TaskQueue.java:76)
	at java.util.concurrent.ThreadPoolExecutor.runWorker(ThreadPoolExecutor.java:1149)
	at java.util.concurrent.ThreadPoolExecutor$Worker.run(ThreadPoolExecutor.java:624)
	at io.netty.util.concurrent.FastThreadLocalRunnable.run(FastThreadLocalRunnable.java:30)
	at java.lang.Thread.run(Thread.java:748)

]]></system-err>
  </testcase>
  <testcase name="getWallet{VertxTestContext, Vertx}" classname="altice_labs.dsm.WalletManagerTest" time="30.016">
    <error message="The test execution timed out" type="java.util.concurrent.TimeoutException">java.util.concurrent.TimeoutException: The test execution timed out
</error>
    <system-out><![CDATA[Message received: {"type":"read","body":"{\"resource\":\"wallet\",\"value\":\"123\"}"}
null
Getting wallet by address
]]></system-out>
    <system-err><![CDATA[Mar 19, 2018 12:05:49 PM io.vertx.core.eventbus.impl.HandlerRegistration
SEVERE: Failed to handleMessage. address: hyperty://sharing-cities-dsm/wallet-manager
java.lang.NullPointerException
	at token_rating.WalletManagerHyperty.walletRead(WalletManagerHyperty.java:256)
	at token_rating.WalletManagerHyperty.lambda$0(WalletManagerHyperty.java:79)
	at io.vertx.core.eventbus.impl.HandlerRegistration.deliver(HandlerRegistration.java:223)
	at io.vertx.core.eventbus.impl.HandlerRegistration.handle(HandlerRegistration.java:200)
	at io.vertx.core.eventbus.impl.EventBusImpl.lambda$deliverToHandler$3(EventBusImpl.java:533)
	at io.vertx.core.impl.ContextImpl.lambda$wrapTask$2(ContextImpl.java:339)
	at io.vertx.core.impl.TaskQueue.run(TaskQueue.java:76)
	at java.util.concurrent.ThreadPoolExecutor.runWorker(ThreadPoolExecutor.java:1149)
	at java.util.concurrent.ThreadPoolExecutor$Worker.run(ThreadPoolExecutor.java:624)
	at io.netty.util.concurrent.FastThreadLocalRunnable.run(FastThreadLocalRunnable.java:30)
	at java.lang.Thread.run(Thread.java:748)

Mar 19, 2018 12:05:49 PM io.vertx.core.impl.ContextImpl
SEVERE: Unhandled exception
java.lang.NullPointerException
	at token_rating.WalletManagerHyperty.walletRead(WalletManagerHyperty.java:256)
	at token_rating.WalletManagerHyperty.lambda$0(WalletManagerHyperty.java:79)
	at io.vertx.core.eventbus.impl.HandlerRegistration.deliver(HandlerRegistration.java:223)
	at io.vertx.core.eventbus.impl.HandlerRegistration.handle(HandlerRegistration.java:200)
	at io.vertx.core.eventbus.impl.EventBusImpl.lambda$deliverToHandler$3(EventBusImpl.java:533)
	at io.vertx.core.impl.ContextImpl.lambda$wrapTask$2(ContextImpl.java:339)
	at io.vertx.core.impl.TaskQueue.run(TaskQueue.java:76)
	at java.util.concurrent.ThreadPoolExecutor.runWorker(ThreadPoolExecutor.java:1149)
	at java.util.concurrent.ThreadPoolExecutor$Worker.run(ThreadPoolExecutor.java:624)
	at io.netty.util.concurrent.FastThreadLocalRunnable.run(FastThreadLocalRunnable.java:30)
	at java.lang.Thread.run(Thread.java:748)

]]></system-err>
  </testcase>
  <testcase name="createWallet{VertxTestContext, Vertx}" classname="altice_labs.dsm.WalletManagerTest" time="30.006">
    <error message="The test execution timed out" type="java.util.concurrent.TimeoutException">java.util.concurrent.TimeoutException: The test execution timed out
</error>
    <system-out><![CDATA[Message received: {"type":"create","identity":"identity-2","from":"url"}
url
Creating wallet
]]></system-out>
    <system-err><![CDATA[Mar 19, 2018 12:06:19 PM io.vertx.core.eventbus.impl.HandlerRegistration
SEVERE: Failed to handleMessage. address: hyperty://sharing-cities-dsm/wallet-manager
java.lang.ClassCastException: java.lang.String cannot be cast to io.vertx.core.json.JsonObject
	at altice_labs.dsm.AbstractHyperty.lambda$0(AbstractHyperty.java:72)
	at io.vertx.core.eventbus.impl.HandlerRegistration.deliver(HandlerRegistration.java:223)
	at io.vertx.core.eventbus.impl.HandlerRegistration.handle(HandlerRegistration.java:200)
	at io.vertx.core.eventbus.impl.EventBusImpl.lambda$deliverToHandler$3(EventBusImpl.java:533)
	at io.vertx.core.impl.ContextImpl.lambda$wrapTask$2(ContextImpl.java:339)
	at io.vertx.core.impl.TaskQueue.run(TaskQueue.java:76)
	at java.util.concurrent.ThreadPoolExecutor.runWorker(ThreadPoolExecutor.java:1149)
	at java.util.concurrent.ThreadPoolExecutor$Worker.run(ThreadPoolExecutor.java:624)
	at io.netty.util.concurrent.FastThreadLocalRunnable.run(FastThreadLocalRunnable.java:30)
	at java.lang.Thread.run(Thread.java:748)

Mar 19, 2018 12:06:19 PM io.vertx.core.impl.ContextImpl
SEVERE: Unhandled exception
java.lang.ClassCastException: java.lang.String cannot be cast to io.vertx.core.json.JsonObject
	at altice_labs.dsm.AbstractHyperty.lambda$0(AbstractHyperty.java:72)
	at io.vertx.core.eventbus.impl.HandlerRegistration.deliver(HandlerRegistration.java:223)
	at io.vertx.core.eventbus.impl.HandlerRegistration.handle(HandlerRegistration.java:200)
	at io.vertx.core.eventbus.impl.EventBusImpl.lambda$deliverToHandler$3(EventBusImpl.java:533)
	at io.vertx.core.impl.ContextImpl.lambda$wrapTask$2(ContextImpl.java:339)
	at io.vertx.core.impl.TaskQueue.run(TaskQueue.java:76)
	at java.util.concurrent.ThreadPoolExecutor.runWorker(ThreadPoolExecutor.java:1149)
	at java.util.concurrent.ThreadPoolExecutor$Worker.run(ThreadPoolExecutor.java:624)
	at io.netty.util.concurrent.FastThreadLocalRunnable.run(FastThreadLocalRunnable.java:30)
	at java.lang.Thread.run(Thread.java:748)

Mar 19, 2018 12:06:19 PM io.vertx.core.eventbus.impl.HandlerRegistration
SEVERE: Failed to handleMessage. address: hyperty://sharing-cities-dsm/wallet-manager
java.lang.NullPointerException
	at token_rating.WalletManagerHyperty.walletCreationRequest(WalletManagerHyperty.java:275)
	at token_rating.WalletManagerHyperty.lambda$0(WalletManagerHyperty.java:63)
	at io.vertx.core.eventbus.impl.HandlerRegistration.deliver(HandlerRegistration.java:223)
	at io.vertx.core.eventbus.impl.HandlerRegistration.handle(HandlerRegistration.java:200)
	at io.vertx.core.eventbus.impl.EventBusImpl.lambda$deliverToHandler$3(EventBusImpl.java:533)
	at io.vertx.core.impl.ContextImpl.lambda$wrapTask$2(ContextImpl.java:339)
	at io.vertx.core.impl.TaskQueue.run(TaskQueue.java:76)
	at java.util.concurrent.ThreadPoolExecutor.runWorker(ThreadPoolExecutor.java:1149)
	at java.util.concurrent.ThreadPoolExecutor$Worker.run(ThreadPoolExecutor.java:624)
	at io.netty.util.concurrent.FastThreadLocalRunnable.run(FastThreadLocalRunnable.java:30)
	at java.lang.Thread.run(Thread.java:748)

Mar 19, 2018 12:06:19 PM io.vertx.core.impl.ContextImpl
SEVERE: Unhandled exception
java.lang.NullPointerException
	at token_rating.WalletManagerHyperty.walletCreationRequest(WalletManagerHyperty.java:275)
	at token_rating.WalletManagerHyperty.lambda$0(WalletManagerHyperty.java:63)
	at io.vertx.core.eventbus.impl.HandlerRegistration.deliver(HandlerRegistration.java:223)
	at io.vertx.core.eventbus.impl.HandlerRegistration.handle(HandlerRegistration.java:200)
	at io.vertx.core.eventbus.impl.EventBusImpl.lambda$deliverToHandler$3(EventBusImpl.java:533)
	at io.vertx.core.impl.ContextImpl.lambda$wrapTask$2(ContextImpl.java:339)
	at io.vertx.core.impl.TaskQueue.run(TaskQueue.java:76)
	at java.util.concurrent.ThreadPoolExecutor.runWorker(ThreadPoolExecutor.java:1149)
	at java.util.concurrent.ThreadPoolExecutor$Worker.run(ThreadPoolExecutor.java:624)
	at io.netty.util.concurrent.FastThreadLocalRunnable.run(FastThreadLocalRunnable.java:30)
	at java.lang.Thread.run(Thread.java:748)

Mar 19, 2018 12:06:19 PM io.vertx.core.impl.ContextImpl
SEVERE: Unhandled exception
java.lang.NullPointerException
	at altice_labs.dsm.WalletManagerTest.lambda$1(WalletManagerTest.java:94)
	at io.vertx.core.eventbus.impl.HandlerRegistration.sendAsyncResultFailure(HandlerRegistration.java:127)
	at io.vertx.core.eventbus.impl.HandlerRegistration.lambda$new$0(HandlerRegistration.java:78)
	at io.vertx.core.impl.VertxImpl$InternalTimerHandler.handle(VertxImpl.java:885)
	at io.vertx.core.impl.VertxImpl$InternalTimerHandler.handle(VertxImpl.java:844)
	at io.vertx.core.impl.ContextImpl.lambda$wrapTask$2(ContextImpl.java:339)
	at io.netty.util.concurrent.AbstractEventExecutor.safeExecute(AbstractEventExecutor.java:163)
	at io.netty.util.concurrent.SingleThreadEventExecutor.runAllTasks(SingleThreadEventExecutor.java:404)
	at io.netty.channel.nio.NioEventLoop.run(NioEventLoop.java:463)
	at io.netty.util.concurrent.SingleThreadEventExecutor$5.run(SingleThreadEventExecutor.java:886)
	at io.netty.util.concurrent.FastThreadLocalRunnable.run(FastThreadLocalRunnable.java:30)
	at java.lang.Thread.run(Thread.java:748)

]]></system-err>
  </testcase>
</testsuite>